<?xml version="1.0" encoding="UTF-8"?>
<!-- Generated by org.testng.reporters.JUnitReportReporter -->
<testsuite hostname="Abir-PC" failures="0" tests="1" name="TestCases" time="9.474" errors="0" timestamp="2021-09-05T18:42:14 BDT" skipped="0">
  <testcase classname="TestCases" name="flightCheckout" time="9.474"/>
  <system-out/>
</testsuite> <!-- TestCases -->
